#
# There is insufficient memory for the Java Runtime Environment to continue.
# Native memory allocation (malloc) failed to allocate 756176 bytes for Chunk::new
# Possible reasons:
#   The system is out of physical RAM or swap space
#   The process is running with CompressedOops enabled, and the Java Heap may be blocking the growth of the native heap
# Possible solutions:
#   Reduce memory load on the system
#   Increase physical memory or swap space
#   Check if swap backing store is full
#   Decrease Java heap size (-Xmx/-Xms)
#   Decrease number of Java threads
#   Decrease Java thread stack sizes (-Xss)
#   Set larger code cache with -XX:ReservedCodeCacheSize=
#   JVM is running with Unscaled Compressed Oops mode in which the Java heap is
#     placed in the first 4GB address space. The Java Heap base address is the
#     maximum limit for the native heap growth. Please use -XX:HeapBaseMinAddress
#     to set the Java Heap base and to place the Java Heap above 4GB virtual address.
# This output file may be truncated or incomplete.
#
#  Out of Memory Error (arena.cpp:189), pid=13824, tid=13516
#
# JRE version: OpenJDK Runtime Environment Temurin-17.0.3+7 (17.0.3+7) (build 17.0.3+7)
# Java VM: OpenJDK 64-Bit Server VM Temurin-17.0.3+7 (17.0.3+7, mixed mode, tiered, compressed oops, compressed class ptrs, g1 gc, windows-amd64)
# No core dump will be written. Minidumps are not enabled by default on client versions of Windows
#

---------------  S U M M A R Y ------------

Command Line: -agentlib:jdwp=transport=dt_socket,server=n,suspend=y,address=localhost:57579 -XX:+ShowCodeDetailsInExceptionMessages yavirac.ejemplo1.Ejemplo1Application

Host: Intel(R) Core(TM) i3-8145U CPU @ 2.10GHz, 4 cores, 3G,  Windows 11 , 64 bit Build 22000 (10.0.22000.708)
Time: Thu Jul 14 02:47:19 2022 Hora est. Pacífico, Sudamérica elapsed time: 3.877506 seconds (0d 0h 0m 3s)

---------------  T H R E A D  ---------------

Current thread (0x00000299b19d1ef0):  JavaThread "C2 CompilerThread0" daemon [_thread_in_native, id=13516, stack(0x000000ef9a000000,0x000000ef9a100000)]


Current CompileTask:
C2:   3877 1569       4       sun.util.locale.BaseLocale::getInstance (149 bytes)

Stack: [0x000000ef9a000000,0x000000ef9a100000]
Native frames: (J=compiled Java code, j=interpreted, Vv=VM code, C=native code)
V  [jvm.dll+0x675efa]
V  [jvm.dll+0x830a24]
V  [jvm.dll+0x8321ce]
V  [jvm.dll+0x832833]
V  [jvm.dll+0x2454b5]
V  [jvm.dll+0xabd7b]
V  [jvm.dll+0xac30c]
V  [jvm.dll+0x3635d2]
V  [jvm.dll+0x32dca1]
V  [jvm.dll+0x32d14a]
V  [jvm.dll+0x218361]
V  [jvm.dll+0x217781]
V  [jvm.dll+0x1a3ccd]
V  [jvm.dll+0x227178]
V  [jvm.dll+0x2252bc]
V  [jvm.dll+0x7e673b]
V  [jvm.dll+0x7e0cfa]
V  [jvm.dll+0x674d85]
C  [ucrtbase.dll+0x26c0c]
C  [KERNEL32.DLL+0x154e0]
C  [ntdll.dll+0x485b]


---------------  P R O C E S S  ---------------

Threads class SMR info:
_java_thread_list=0x00000299b4608680, length=18, elements={
0x000002999b40cae0, 0x00000299b198a440, 0x00000299b198ba50, 0x00000299b19ce010,
0x00000299b19ce9c0, 0x00000299b19cf980, 0x00000299b19d1250, 0x00000299b19d1ef0,
0x00000299b19d2cb0, 0x00000299b19d5d60, 0x00000299b2522b50, 0x00000299b253a700,
0x00000299b253abf0, 0x00000299b253f6d0, 0x00000299b25505c0, 0x00000299b2552770,
0x00000299b2551430, 0x00000299b25500f0
}

Java Threads: ( => current thread )
  0x000002999b40cae0 JavaThread "main" [_thread_blocked, id=18464, stack(0x000000ef99300000,0x000000ef99400000)]
  0x00000299b198a440 JavaThread "Reference Handler" daemon [_thread_blocked, id=26120, stack(0x000000ef99a00000,0x000000ef99b00000)]
  0x00000299b198ba50 JavaThread "Finalizer" daemon [_thread_blocked, id=22708, stack(0x000000ef99b00000,0x000000ef99c00000)]
  0x00000299b19ce010 JavaThread "Signal Dispatcher" daemon [_thread_blocked, id=16532, stack(0x000000ef99c00000,0x000000ef99d00000)]
  0x00000299b19ce9c0 JavaThread "Attach Listener" daemon [_thread_blocked, id=10124, stack(0x000000ef99d00000,0x000000ef99e00000)]
  0x00000299b19cf980 JavaThread "Service Thread" daemon [_thread_blocked, id=27316, stack(0x000000ef99e00000,0x000000ef99f00000)]
  0x00000299b19d1250 JavaThread "Monitor Deflation Thread" daemon [_thread_blocked, id=20040, stack(0x000000ef99f00000,0x000000ef9a000000)]
=>0x00000299b19d1ef0 JavaThread "C2 CompilerThread0" daemon [_thread_in_native, id=13516, stack(0x000000ef9a000000,0x000000ef9a100000)]
  0x00000299b19d2cb0 JavaThread "C1 CompilerThread0" daemon [_thread_blocked, id=24048, stack(0x000000ef9a100000,0x000000ef9a200000)]
  0x00000299b19d5d60 JavaThread "Sweeper thread" daemon [_thread_blocked, id=25116, stack(0x000000ef9a200000,0x000000ef9a300000)]
  0x00000299b2522b50 JavaThread "JDWP Transport Listener: dt_socket" daemon [_thread_blocked, id=23616, stack(0x000000ef9a300000,0x000000ef9a400000)]
  0x00000299b253a700 JavaThread "JDWP Event Helper Thread" daemon [_thread_blocked, id=20872, stack(0x000000ef9a400000,0x000000ef9a500000)]
  0x00000299b253abf0 JavaThread "JDWP Command Reader" daemon [_thread_in_native, id=25704, stack(0x000000ef9a500000,0x000000ef9a600000)]
  0x00000299b253f6d0 JavaThread "Notification Thread" daemon [_thread_blocked, id=23192, stack(0x000000ef9a600000,0x000000ef9a700000)]
  0x00000299b25505c0 JavaThread "Common-Cleaner" daemon [_thread_blocked, id=13376, stack(0x000000ef9a800000,0x000000ef9a900000)]
  0x00000299b2552770 JavaThread "Thread-0" [_thread_blocked, id=26680, stack(0x000000ef9ad00000,0x000000ef9ae00000)]
  0x00000299b2551430 JavaThread "restartedMain" [_thread_in_Java, id=8480, stack(0x000000ef9ae00000,0x000000ef9af00000)]
  0x00000299b25500f0 JavaThread "background-preinit" [_thread_in_vm, id=23120, stack(0x000000ef9af00000,0x000000ef9b000000)]

Other Threads:
  0x00000299b19747a0 VMThread "VM Thread" [stack: 0x000000ef99900000,0x000000ef99a00000] [id=25400]
  0x00000299b253fba0 WatcherThread [stack: 0x000000ef9a700000,0x000000ef9a800000] [id=18952]
  0x000002999b44e620 GCTaskThread "GC Thread#0" [stack: 0x000000ef99400000,0x000000ef99500000] [id=18436]
  0x00000299b41e50a0 GCTaskThread "GC Thread#1" [stack: 0x000000ef9a900000,0x000000ef9aa00000] [id=11972]
  0x00000299b4098b90 GCTaskThread "GC Thread#2" [stack: 0x000000ef9aa00000,0x000000ef9ab00000] [id=17584]
  0x00000299b41e5b70 GCTaskThread "GC Thread#3" [stack: 0x000000ef9ab00000,0x000000ef9ac00000] [id=20776]
  0x000002999b456fe0 ConcurrentGCThread "G1 Main Marker" [stack: 0x000000ef99500000,0x000000ef99600000] [id=24344]
  0x000002999b4579f0 ConcurrentGCThread "G1 Conc#0" [stack: 0x000000ef99600000,0x000000ef99700000] [id=21100]
  0x000002999b497100 ConcurrentGCThread "G1 Refine#0" [stack: 0x000000ef99700000,0x000000ef99800000] [id=12440]
  0x00000299b32c8940 ConcurrentGCThread "G1 Refine#1" [stack: 0x000000ef9ac00000,0x000000ef9ad00000] [id=25996]
  0x000002999b497b20 ConcurrentGCThread "G1 Service" [stack: 0x000000ef99800000,0x000000ef99900000] [id=24900]

Threads with active compile tasks:
C2 CompilerThread0     3924 1569       4       sun.util.locale.BaseLocale::getInstance (149 bytes)

VM state: not at safepoint (normal execution)

VM Mutex/Monitor currently owned by a thread: None

Heap address: 0x00000000c2c00000, size: 980 MB, Compressed Oops mode: 32-bit

CDS archive(s) not mapped
Compressed class space mapped at: 0x0000000100000000-0x0000000140000000, reserved size: 1073741824
Narrow klass base: 0x0000000000000000, Narrow klass shift: 3, Narrow klass range: 0x140000000

GC Precious Log:
 CPUs: 4 total, 4 available
 Memory: 3918M
 Large Page Support: Disabled
 NUMA Support: Disabled
 Compressed Oops: Enabled (32-bit)
 Heap Region Size: 1M
 Heap Min Capacity: 8M
 Heap Initial Capacity: 62M
 Heap Max Capacity: 980M
 Pre-touch: Disabled
 Parallel Workers: 4
 Concurrent Workers: 1
 Concurrent Refinement Workers: 4
 Periodic GC: Disabled

Heap:
 garbage-first heap   total 63488K, used 21683K [0x00000000c2c00000, 0x0000000100000000)
  region size 1024K, 19 young (19456K), 1 survivors (1024K)
 Metaspace       used 18768K, committed 18944K, reserved 1073152K
  class space    used 2106K, committed 2176K, reserved 1048576K

Heap Regions: E=young(eden), S=young(survivor), O=old, HS=humongous(starts), HC=humongous(continues), CS=collection set, F=free, OA=open archive, CA=closed archive, TAMS=top-at-mark-start (previous, next)
|   0|0x00000000c2c00000, 0x00000000c2d00000, 0x00000000c2d00000|100%| O|  |TAMS 0x00000000c2c00000, 0x00000000c2c00000| Untracked 
|   1|0x00000000c2d00000, 0x00000000c2e00000, 0x00000000c2e00000|100%| O|  |TAMS 0x00000000c2d00000, 0x00000000c2d00000| Untracked 
|   2|0x00000000c2e00000, 0x00000000c2f00000, 0x00000000c2f00000|100%| O|  |TAMS 0x00000000c2e00000, 0x00000000c2e00000| Untracked 
|   3|0x00000000c2f00000, 0x00000000c3000000, 0x00000000c3000000|100%| O|  |TAMS 0x00000000c2f00000, 0x00000000c2f00000| Untracked 
|   4|0x00000000c3000000, 0x00000000c3038a00, 0x00000000c3100000| 22%| O|  |TAMS 0x00000000c3000000, 0x00000000c3000000| Untracked 
|   5|0x00000000c3100000, 0x00000000c3100000, 0x00000000c3200000|  0%| F|  |TAMS 0x00000000c3100000, 0x00000000c3100000| Untracked 
|   6|0x00000000c3200000, 0x00000000c3200000, 0x00000000c3300000|  0%| F|  |TAMS 0x00000000c3200000, 0x00000000c3200000| Untracked 
|   7|0x00000000c3300000, 0x00000000c3300000, 0x00000000c3400000|  0%| F|  |TAMS 0x00000000c3300000, 0x00000000c3300000| Untracked 
|   8|0x00000000c3400000, 0x00000000c3400000, 0x00000000c3500000|  0%| F|  |TAMS 0x00000000c3400000, 0x00000000c3400000| Untracked 
|   9|0x00000000c3500000, 0x00000000c3500000, 0x00000000c3600000|  0%| F|  |TAMS 0x00000000c3500000, 0x00000000c3500000| Untracked 
|  10|0x00000000c3600000, 0x00000000c3600000, 0x00000000c3700000|  0%| F|  |TAMS 0x00000000c3600000, 0x00000000c3600000| Untracked 
|  11|0x00000000c3700000, 0x00000000c3700000, 0x00000000c3800000|  0%| F|  |TAMS 0x00000000c3700000, 0x00000000c3700000| Untracked 
|  12|0x00000000c3800000, 0x00000000c3800000, 0x00000000c3900000|  0%| F|  |TAMS 0x00000000c3800000, 0x00000000c3800000| Untracked 
|  13|0x00000000c3900000, 0x00000000c3900000, 0x00000000c3a00000|  0%| F|  |TAMS 0x00000000c3900000, 0x00000000c3900000| Untracked 
|  14|0x00000000c3a00000, 0x00000000c3a00000, 0x00000000c3b00000|  0%| F|  |TAMS 0x00000000c3a00000, 0x00000000c3a00000| Untracked 
|  15|0x00000000c3b00000, 0x00000000c3b00000, 0x00000000c3c00000|  0%| F|  |TAMS 0x00000000c3b00000, 0x00000000c3b00000| Untracked 
|  16|0x00000000c3c00000, 0x00000000c3c00000, 0x00000000c3d00000|  0%| F|  |TAMS 0x00000000c3c00000, 0x00000000c3c00000| Untracked 
|  17|0x00000000c3d00000, 0x00000000c3d00000, 0x00000000c3e00000|  0%| F|  |TAMS 0x00000000c3d00000, 0x00000000c3d00000| Untracked 
|  18|0x00000000c3e00000, 0x00000000c3e00000, 0x00000000c3f00000|  0%| F|  |TAMS 0x00000000c3e00000, 0x00000000c3e00000| Untracked 
|  19|0x00000000c3f00000, 0x00000000c3f00000, 0x00000000c4000000|  0%| F|  |TAMS 0x00000000c3f00000, 0x00000000c3f00000| Untracked 
|  20|0x00000000c4000000, 0x00000000c4000000, 0x00000000c4100000|  0%| F|  |TAMS 0x00000000c4000000, 0x00000000c4000000| Untracked 
|  21|0x00000000c4100000, 0x00000000c4100000, 0x00000000c4200000|  0%| F|  |TAMS 0x00000000c4100000, 0x00000000c4100000| Untracked 
|  22|0x00000000c4200000, 0x00000000c4200000, 0x00000000c4300000|  0%| F|  |TAMS 0x00000000c4200000, 0x00000000c4200000| Untracked 
|  23|0x00000000c4300000, 0x00000000c4300000, 0x00000000c4400000|  0%| F|  |TAMS 0x00000000c4300000, 0x00000000c4300000| Untracked 
|  24|0x00000000c4400000, 0x00000000c4400000, 0x00000000c4500000|  0%| F|  |TAMS 0x00000000c4400000, 0x00000000c4400000| Untracked 
|  25|0x00000000c4500000, 0x00000000c4500000, 0x00000000c4600000|  0%| F|  |TAMS 0x00000000c4500000, 0x00000000c4500000| Untracked 
|  26|0x00000000c4600000, 0x00000000c4600000, 0x00000000c4700000|  0%| F|  |TAMS 0x00000000c4600000, 0x00000000c4600000| Untracked 
|  27|0x00000000c4700000, 0x00000000c4700000, 0x00000000c4800000|  0%| F|  |TAMS 0x00000000c4700000, 0x00000000c4700000| Untracked 
|  28|0x00000000c4800000, 0x00000000c4800000, 0x00000000c4900000|  0%| F|  |TAMS 0x00000000c4800000, 0x00000000c4800000| Untracked 
|  29|0x00000000c4900000, 0x00000000c4900000, 0x00000000c4a00000|  0%| F|  |TAMS 0x00000000c4900000, 0x00000000c4900000| Untracked 
|  30|0x00000000c4a00000, 0x00000000c4a00000, 0x00000000c4b00000|  0%| F|  |TAMS 0x00000000c4a00000, 0x00000000c4a00000| Untracked 
|  31|0x00000000c4b00000, 0x00000000c4b00000, 0x00000000c4c00000|  0%| F|  |TAMS 0x00000000c4b00000, 0x00000000c4b00000| Untracked 
|  32|0x00000000c4c00000, 0x00000000c4c00000, 0x00000000c4d00000|  0%| F|  |TAMS 0x00000000c4c00000, 0x00000000c4c00000| Untracked 
|  33|0x00000000c4d00000, 0x00000000c4d00000, 0x00000000c4e00000|  0%| F|  |TAMS 0x00000000c4d00000, 0x00000000c4d00000| Untracked 
|  34|0x00000000c4e00000, 0x00000000c4e00000, 0x00000000c4f00000|  0%| F|  |TAMS 0x00000000c4e00000, 0x00000000c4e00000| Untracked 
|  35|0x00000000c4f00000, 0x00000000c4f00000, 0x00000000c5000000|  0%| F|  |TAMS 0x00000000c4f00000, 0x00000000c4f00000| Untracked 
|  36|0x00000000c5000000, 0x00000000c5000000, 0x00000000c5100000|  0%| F|  |TAMS 0x00000000c5000000, 0x00000000c5000000| Untracked 
|  37|0x00000000c5100000, 0x00000000c5100000, 0x00000000c5200000|  0%| F|  |TAMS 0x00000000c5100000, 0x00000000c5100000| Untracked 
|  38|0x00000000c5200000, 0x00000000c5200000, 0x00000000c5300000|  0%| F|  |TAMS 0x00000000c5200000, 0x00000000c5200000| Untracked 
|  39|0x00000000c5300000, 0x00000000c5300000, 0x00000000c5400000|  0%| F|  |TAMS 0x00000000c5300000, 0x00000000c5300000| Untracked 
|  40|0x00000000c5400000, 0x00000000c5400000, 0x00000000c5500000|  0%| F|  |TAMS 0x00000000c5400000, 0x00000000c5400000| Untracked 
|  41|0x00000000c5500000, 0x00000000c5500000, 0x00000000c5600000|  0%| F|  |TAMS 0x00000000c5500000, 0x00000000c5500000| Untracked 
|  42|0x00000000c5600000, 0x00000000c5600000, 0x00000000c5700000|  0%| F|  |TAMS 0x00000000c5600000, 0x00000000c5600000| Untracked 
|  43|0x00000000c5700000, 0x00000000c573a700, 0x00000000c5800000| 22%| E|  |TAMS 0x00000000c5700000, 0x00000000c5700000| Complete 
|  44|0x00000000c5800000, 0x00000000c5900000, 0x00000000c5900000|100%| E|CS|TAMS 0x00000000c5800000, 0x00000000c5800000| Complete 
|  45|0x00000000c5900000, 0x00000000c5a00000, 0x00000000c5a00000|100%| E|CS|TAMS 0x00000000c5900000, 0x00000000c5900000| Complete 
|  46|0x00000000c5a00000, 0x00000000c5b00000, 0x00000000c5b00000|100%| E|CS|TAMS 0x00000000c5a00000, 0x00000000c5a00000| Complete 
|  47|0x00000000c5b00000, 0x00000000c5c00000, 0x00000000c5c00000|100%| E|CS|TAMS 0x00000000c5b00000, 0x00000000c5b00000| Complete 
|  48|0x00000000c5c00000, 0x00000000c5d00000, 0x00000000c5d00000|100%| E|CS|TAMS 0x00000000c5c00000, 0x00000000c5c00000| Complete 
|  49|0x00000000c5d00000, 0x00000000c5e00000, 0x00000000c5e00000|100%| E|CS|TAMS 0x00000000c5d00000, 0x00000000c5d00000| Complete 
|  50|0x00000000c5e00000, 0x00000000c5ef4248, 0x00000000c5f00000| 95%| S|CS|TAMS 0x00000000c5e00000, 0x00000000c5e00000| Complete 
|  51|0x00000000c5f00000, 0x00000000c6000000, 0x00000000c6000000|100%| E|CS|TAMS 0x00000000c5f00000, 0x00000000c5f00000| Complete 
|  52|0x00000000c6000000, 0x00000000c6100000, 0x00000000c6100000|100%| E|CS|TAMS 0x00000000c6000000, 0x00000000c6000000| Complete 
|  53|0x00000000c6100000, 0x00000000c6200000, 0x00000000c6200000|100%| E|  |TAMS 0x00000000c6100000, 0x00000000c6100000| Complete 
|  54|0x00000000c6200000, 0x00000000c6300000, 0x00000000c6300000|100%| E|CS|TAMS 0x00000000c6200000, 0x00000000c6200000| Complete 
|  55|0x00000000c6300000, 0x00000000c6400000, 0x00000000c6400000|100%| E|CS|TAMS 0x00000000c6300000, 0x00000000c6300000| Complete 
|  56|0x00000000c6400000, 0x00000000c6500000, 0x00000000c6500000|100%| E|CS|TAMS 0x00000000c6400000, 0x00000000c6400000| Complete 
|  57|0x00000000c6500000, 0x00000000c6600000, 0x00000000c6600000|100%| E|CS|TAMS 0x00000000c6500000, 0x00000000c6500000| Complete 
|  58|0x00000000c6600000, 0x00000000c6700000, 0x00000000c6700000|100%| E|CS|TAMS 0x00000000c6600000, 0x00000000c6600000| Complete 
|  59|0x00000000c6700000, 0x00000000c6800000, 0x00000000c6800000|100%| E|CS|TAMS 0x00000000c6700000, 0x00000000c6700000| Complete 
|  60|0x00000000c6800000, 0x00000000c6900000, 0x00000000c6900000|100%| E|CS|TAMS 0x00000000c6800000, 0x00000000c6800000| Complete 
|  61|0x00000000c6900000, 0x00000000c6a00000, 0x00000000c6a00000|100%| E|CS|TAMS 0x00000000c6900000, 0x00000000c6900000| Complete 

Card table byte_map: [0x00000299ad280000,0x00000299ad470000] _byte_map_base: 0x00000299acc6a000

Marking Bits (Prev, Next): (CMBitMap*) 0x000002999b44ec30, (CMBitMap*) 0x000002999b44ec70
 Prev Bits: [0x00000299ad660000, 0x00000299ae5b0000)
 Next Bits: [0x00000299ae5b0000, 0x00000299af500000)

Polling page: 0x000002999abe0000

Metaspace:

Usage:
  Non-class:     16.27 MB used.
      Class:      2.06 MB used.
       Both:     18.33 MB used.

Virtual space:
  Non-class space:       24.00 MB reserved,      16.38 MB ( 68%) committed,  3 nodes.
      Class space:        1.00 GB reserved,       2.12 MB ( <1%) committed,  1 nodes.
             Both:        1.02 GB reserved,      18.50 MB (  2%) committed. 

Chunk freelists:
   Non-Class:  3.53 MB
       Class:  1.82 MB
        Both:  5.35 MB

MaxMetaspaceSize: unlimited
CompressedClassSpaceSize: 1.00 GB
Initial GC threshold: 21.00 MB
Current GC threshold: 21.00 MB
CDS: off
MetaspaceReclaimPolicy: balanced
 - commit_granule_bytes: 65536.
 - commit_granule_words: 8192.
 - virtual_space_node_default_size: 1048576.
 - enlarge_chunks_in_place: 1.
 - new_chunks_are_fully_committed: 0.
 - uncommit_free_chunks: 1.
 - use_allocation_guard: 0.
 - handle_deallocations: 1.


Internal statistics:

num_allocs_failed_limit: 0.
num_arena_births: 138.
num_arena_deaths: 0.
num_vsnodes_births: 4.
num_vsnodes_deaths: 0.
num_space_committed: 296.
num_space_uncommitted: 0.
num_chunks_returned_to_freelist: 0.
num_chunks_taken_from_freelist: 478.
num_chunk_merges: 0.
num_chunk_splits: 321.
num_chunks_enlarged: 253.
num_purges: 0.
num_inconsistent_stats: 0.

CodeHeap 'non-profiled nmethods': size=120000Kb used=620Kb max_used=620Kb free=119379Kb
 bounds [0x00000299a5b60000, 0x00000299a5dd0000, 0x00000299ad090000]
CodeHeap 'profiled nmethods': size=120000Kb used=3175Kb max_used=3175Kb free=116824Kb
 bounds [0x000002999e630000, 0x000002999e950000, 0x00000299a5b60000]
CodeHeap 'non-nmethods': size=5760Kb used=1226Kb max_used=1266Kb free=4533Kb
 bounds [0x000002999e090000, 0x000002999e300000, 0x000002999e630000]
 total_blobs=2101 nmethods=1651 adapters=363
 compilation: enabled
              stopped_count=0, restarted_count=0
 full_count=0

Compilation events (20 events):
Event: 3.858 Thread 0x00000299b19d2cb0 1586   !   3       jdk.internal.misc.ScopedMemoryAccess::getShortUnaligned (22 bytes)
Event: 3.858 Thread 0x00000299b19d2cb0 nmethod 1586 0x000002999e924190 code [0x000002999e924380, 0x000002999e924988]
Event: 3.858 Thread 0x00000299b19d2cb0 1587       3       java.util.LinkedHashMap$LinkedValues::iterator (12 bytes)
Event: 3.859 Thread 0x00000299b19d2cb0 nmethod 1587 0x000002999e924c90 code [0x000002999e924e40, 0x000002999e9251f8]
Event: 3.859 Thread 0x00000299b19d2cb0 1590       1       jdk.internal.loader.AbstractClassLoaderValue$Sub::parent (5 bytes)
Event: 3.859 Thread 0x00000299b19d2cb0 nmethod 1590 0x00000299a5bf9e90 code [0x00000299a5bfa020, 0x00000299a5bfa0f8]
Event: 3.859 Thread 0x00000299b19d2cb0 1591       3       java.lang.Class::getInterfaces (49 bytes)
Event: 3.860 Thread 0x00000299b19d2cb0 nmethod 1591 0x000002999e925310 code [0x000002999e925500, 0x000002999e9259f8]
Event: 3.860 Thread 0x00000299b19d2cb0 1592       3       jdk.internal.reflect.ReflectionFactory::inflationThreshold (4 bytes)
Event: 3.860 Thread 0x00000299b19d2cb0 nmethod 1592 0x000002999e925b90 code [0x000002999e925d20, 0x000002999e925e18]
Event: 3.862 Thread 0x00000299b19d2cb0 1594       3       sun.reflect.generics.parser.SignatureParser::parseFieldTypeSignature (6 bytes)
Event: 3.862 Thread 0x00000299b19d2cb0 nmethod 1594 0x000002999e925e90 code [0x000002999e926020, 0x000002999e926168]
Event: 3.862 Thread 0x00000299b19d2cb0 1595       3       sun.reflect.generics.parser.SignatureParser::parseFieldTypeSignature (73 bytes)
Event: 3.863 Thread 0x00000299b19d2cb0 nmethod 1595 0x000002999e926210 code [0x000002999e926480, 0x000002999e926b68]
Event: 3.864 Thread 0x00000299b19d2cb0 1596       3       java.util.LinkedHashMap$LinkedValueIterator::next (8 bytes)
Event: 3.864 Thread 0x00000299b19d2cb0 nmethod 1596 0x000002999e926e10 code [0x000002999e926fc0, 0x000002999e927108]
Event: 3.872 Thread 0x00000299b19d2cb0 1597       3       jdk.internal.reflect.ReflectionFactory::copyMethod (11 bytes)
Event: 3.872 Thread 0x00000299b19d2cb0 nmethod 1597 0x000002999e927210 code [0x000002999e9273c0, 0x000002999e9275c8]
Event: 3.872 Thread 0x00000299b19d2cb0 1598       3       java.lang.reflect.Method::<init> (68 bytes)
Event: 3.873 Thread 0x00000299b19d2cb0 nmethod 1598 0x000002999e927710 code [0x000002999e9278e0, 0x000002999e927e78]

GC Heap History (4 events):
Event: 2.442 GC heap before
{Heap before GC invocations=0 (full 0):
 garbage-first heap   total 63488K, used 13312K [0x00000000c2c00000, 0x0000000100000000)
  region size 1024K, 13 young (13312K), 0 survivors (0K)
 Metaspace       used 10043K, committed 10176K, reserved 1064960K
  class space    used 1021K, committed 1088K, reserved 1048576K
}
Event: 2.449 GC heap after
{Heap after GC invocations=1 (full 0):
 garbage-first heap   total 63488K, used 4384K [0x00000000c2c00000, 0x0000000100000000)
  region size 1024K, 2 young (2048K), 2 survivors (2048K)
 Metaspace       used 10043K, committed 10176K, reserved 1064960K
  class space    used 1021K, committed 1088K, reserved 1048576K
}
Event: 3.117 GC heap before
{Heap before GC invocations=1 (full 0):
 garbage-first heap   total 63488K, used 15648K [0x00000000c2c00000, 0x0000000100000000)
  region size 1024K, 13 young (13312K), 2 survivors (2048K)
 Metaspace       used 13973K, committed 14144K, reserved 1064960K
  class space    used 1522K, committed 1600K, reserved 1048576K
}
Event: 3.121 GC heap after
{Heap after GC invocations=2 (full 0):
 garbage-first heap   total 63488K, used 5299K [0x00000000c2c00000, 0x0000000100000000)
  region size 1024K, 1 young (1024K), 1 survivors (1024K)
 Metaspace       used 13973K, committed 14144K, reserved 1064960K
  class space    used 1522K, committed 1600K, reserved 1048576K
}

Deoptimization events (20 events):
Event: 3.810 Thread 0x00000299b2551430 DEOPT PACKING pc=0x000002999e7b76a4 sp=0x000000ef9aefd670
Event: 3.810 Thread 0x00000299b2551430 DEOPT UNPACKING pc=0x000002999e0e2b43 sp=0x000000ef9aefcb60 mode 1
Event: 3.810 Thread 0x00000299b2551430 DEOPT PACKING pc=0x000002999e729654 sp=0x000000ef9aefd7e0
Event: 3.810 Thread 0x00000299b2551430 DEOPT UNPACKING pc=0x000002999e0e2b43 sp=0x000000ef9aefcc98 mode 1
Event: 3.810 Thread 0x00000299b2551430 DEOPT PACKING pc=0x000002999e7b76a4 sp=0x000000ef9aefe1d0
Event: 3.812 Thread 0x00000299b2551430 DEOPT UNPACKING pc=0x000002999e0e2b43 sp=0x000000ef9aefd6c0 mode 1
Event: 3.815 Thread 0x00000299b2551430 DEOPT PACKING pc=0x000002999e7368d4 sp=0x000000ef9aefcbb0
Event: 3.815 Thread 0x00000299b2551430 DEOPT UNPACKING pc=0x000002999e0e2b43 sp=0x000000ef9aefc048 mode 1
Event: 3.815 Thread 0x00000299b2551430 DEOPT PACKING pc=0x000002999e729654 sp=0x000000ef9aefcc80
Event: 3.815 Thread 0x00000299b2551430 DEOPT UNPACKING pc=0x000002999e0e2b43 sp=0x000000ef9aefc138 mode 1
Event: 3.815 Thread 0x00000299b2551430 DEOPT PACKING pc=0x000002999e7b76a4 sp=0x000000ef9aefd670
Event: 3.815 Thread 0x00000299b2551430 DEOPT UNPACKING pc=0x000002999e0e2b43 sp=0x000000ef9aefcb60 mode 1
Event: 3.815 Thread 0x00000299b2551430 DEOPT PACKING pc=0x000002999e729654 sp=0x000000ef9aefd7e0
Event: 3.815 Thread 0x00000299b2551430 DEOPT UNPACKING pc=0x000002999e0e2b43 sp=0x000000ef9aefcc98 mode 1
Event: 3.815 Thread 0x00000299b2551430 DEOPT PACKING pc=0x000002999e7b76a4 sp=0x000000ef9aefe1d0
Event: 3.815 Thread 0x00000299b2551430 DEOPT UNPACKING pc=0x000002999e0e2b43 sp=0x000000ef9aefd6c0 mode 1
Event: 3.818 Thread 0x00000299b25500f0 Uncommon trap: trap_request=0xffffff45 fr.pc=0x00000299a5bf0cd8 relative=0x0000000000000138
Event: 3.818 Thread 0x00000299b25500f0 Uncommon trap: reason=unstable_if action=reinterpret pc=0x00000299a5bf0cd8 method=java.lang.StringLatin1.lastIndexOf([BI[BII)I @ 86 c2
Event: 3.818 Thread 0x00000299b25500f0 DEOPT PACKING pc=0x00000299a5bf0cd8 sp=0x000000ef9affd750
Event: 3.818 Thread 0x00000299b25500f0 DEOPT UNPACKING pc=0x000002999e0e23a3 sp=0x000000ef9affd6b8 mode 2

Classes unloaded (0 events):
No events

Classes redefined (0 events):
No events

Internal exceptions (20 events):
Event: 2.957 Thread 0x00000299b2551430 Exception <a 'java/lang/IncompatibleClassChangeError'{0x00000000c6225c68}: Found class java.lang.Object, but interface was expected> (0x00000000c6225c68) 
thrown [e:\jenkins\tmp\workspace\build\src\src\hotspot\share\interpreter\linkResolver.cpp, line 833]
Event: 3.012 Thread 0x00000299b2551430 Exception <a 'java/lang/NoSuchMethodError'{0x00000000c612fff0}: 'int java.lang.invoke.DirectMethodHandle$Holder.invokeSpecial(java.lang.Object, java.lang.Object, java.lang.Object, java.lang.Object)'> (0x00000000c612fff0) 
thrown [e:\jenkins\tmp\workspace\build\src\src\hotspot\share\interpreter\linkResolver.cpp, line 766]
Event: 3.075 Thread 0x00000299b2551430 Exception <a 'java/lang/NoSuchMethodError'{0x00000000c60b45a8}: 'java.lang.Object java.lang.invoke.DirectMethodHandle$Holder.newInvokeSpecial(java.lang.Object, java.lang.Object, java.lang.Object, java.lang.Object, java.lang.Object, java.lang.Object)'> (0x00000000c60b45a8) 
thrown [e:\jenkins\tmp\workspace\build\src\src\hotspot\share\interpreter\linkResolver.cpp, line 766]
Event: 3.100 Thread 0x00000299b2551430 Exception <a 'java/lang/NoSuchMethodError'{0x00000000c5f5a828}: 'java.lang.Object java.lang.invoke.DirectMethodHandle$Holder.newInvokeSpecial(java.lang.Object, java.lang.Object, java.lang.Object, java.lang.Object, java.lang.Object, java.lang.Object, int)'> (0x00000000c5f5a828) 
thrown [e:\jenkins\tmp\workspace\build\src\src\hotspot\share\interpreter\linkResolver.cpp, line 766]
Event: 3.143 Thread 0x00000299b2551430 Exception <a 'java/lang/NoSuchMethodError'{0x00000000c699cae0}: 'int java.lang.invoke.DirectMethodHandle$Holder.invokeInterface(java.lang.Object, java.lang.Object)'> (0x00000000c699cae0) 
thrown [e:\jenkins\tmp\workspace\build\src\src\hotspot\share\interpreter\linkResolver.cpp, line 766]
Event: 3.185 Thread 0x00000299b2551430 Exception <a 'java/lang/NoSuchMethodError'{0x00000000c6883f68}: 'java.lang.Object java.lang.invoke.DirectMethodHandle$Holder.invokeSpecial(java.lang.Object, java.lang.Object, java.lang.Object, int, java.lang.Object)'> (0x00000000c6883f68) 
thrown [e:\jenkins\tmp\workspace\build\src\src\hotspot\share\interpreter\linkResolver.cpp, line 766]
Event: 3.186 Thread 0x00000299b2551430 Exception <a 'java/lang/NoSuchMethodError'{0x00000000c688c5d0}: 'java.lang.Object java.lang.invoke.DirectMethodHandle$Holder.newInvokeSpecial(java.lang.Object, java.lang.Object, java.lang.Object, int, java.lang.Object)'> (0x00000000c688c5d0) 
thrown [e:\jenkins\tmp\workspace\build\src\src\hotspot\share\interpreter\linkResolver.cpp, line 766]
Event: 3.188 Thread 0x00000299b2551430 Exception <a 'java/lang/NoSuchMethodError'{0x00000000c68a27c0}: 'java.lang.Object java.lang.invoke.DirectMethodHandle$Holder.newInvokeSpecial(java.lang.Object, int, java.lang.Object)'> (0x00000000c68a27c0) 
thrown [e:\jenkins\tmp\workspace\build\src\src\hotspot\share\interpreter\linkResolver.cpp, line 766]
Event: 3.189 Thread 0x00000299b2551430 Exception <a 'java/lang/NoSuchMethodError'{0x00000000c68a7528}: 'int java.lang.invoke.DirectMethodHandle$Holder.invokeSpecialIFC(java.lang.Object, java.lang.Object, java.lang.Object, java.lang.Object)'> (0x00000000c68a7528) 
thrown [e:\jenkins\tmp\workspace\build\src\src\hotspot\share\interpreter\linkResolver.cpp, line 766]
Event: 3.218 Thread 0x00000299b2551430 Exception <a 'java/lang/NoSuchMethodError'{0x00000000c6776760}: 'java.lang.Object java.lang.invoke.DirectMethodHandle$Holder.invokeInterface(java.lang.Object, java.lang.Object)'> (0x00000000c6776760) 
thrown [e:\jenkins\tmp\workspace\build\src\src\hotspot\share\interpreter\linkResolver.cpp, line 766]
Event: 3.222 Thread 0x00000299b2551430 Exception <a 'java/lang/NoSuchMethodError'{0x00000000c6787c40}: 'void java.lang.invoke.DirectMethodHandle$Holder.invokeInterface(java.lang.Object, java.lang.Object, java.lang.Object)'> (0x00000000c6787c40) 
thrown [e:\jenkins\tmp\workspace\build\src\src\hotspot\share\interpreter\linkResolver.cpp, line 766]
Event: 3.249 Thread 0x00000299b2551430 Exception <a 'java/lang/NoSuchMethodError'{0x00000000c6612b40}: 'void java.lang.invoke.DirectMethodHandle$Holder.invokeStatic(java.lang.Object, java.lang.Object)'> (0x00000000c6612b40) 
thrown [e:\jenkins\tmp\workspace\build\src\src\hotspot\share\interpreter\linkResolver.cpp, line 766]
Event: 3.249 Thread 0x00000299b2551430 Exception <a 'java/lang/NoSuchMethodError'{0x00000000c6616340}: 'void java.lang.invoke.DirectMethodHandle$Holder.invokeStaticInit(java.lang.Object, java.lang.Object)'> (0x00000000c6616340) 
thrown [e:\jenkins\tmp\workspace\build\src\src\hotspot\share\interpreter\linkResolver.cpp, line 766]
Event: 3.252 Thread 0x00000299b2551430 Exception <a 'java/lang/NoSuchMethodError'{0x00000000c66228a0}: 'void java.lang.invoke.DirectMethodHandle$Holder.invokeStaticInit(java.lang.Object, java.lang.Object, java.lang.Object)'> (0x00000000c66228a0) 
thrown [e:\jenkins\tmp\workspace\build\src\src\hotspot\share\interpreter\linkResolver.cpp, line 766]
Event: 3.320 Thread 0x00000299b2551430 Exception <a 'java/lang/NoSuchMethodError'{0x00000000c66a8d00}: 'void java.lang.invoke.DirectMethodHandle$Holder.invokeVirtual(java.lang.Object, java.lang.Object, java.lang.Object, java.lang.Object)'> (0x00000000c66a8d00) 
thrown [e:\jenkins\tmp\workspace\build\src\src\hotspot\share\interpreter\linkResolver.cpp, line 766]
Event: 3.393 Thread 0x00000299b2551430 Exception <a 'java/lang/NoSuchMethodError'{0x00000000c65e1398}: 'void java.lang.invoke.DirectMethodHandle$Holder.invokeSpecial(java.lang.Object, java.lang.Object, java.lang.Object)'> (0x00000000c65e1398) 
thrown [e:\jenkins\tmp\workspace\build\src\src\hotspot\share\interpreter\linkResolver.cpp, line 766]
Event: 3.394 Thread 0x00000299b2551430 Exception <a 'java/lang/NoSuchMethodError'{0x00000000c65e7ac8}: 'void java.lang.invoke.DirectMethodHandle$Holder.invokeSpecial(java.lang.Object, java.lang.Object, java.lang.Object, java.lang.Object, java.lang.Object)'> (0x00000000c65e7ac8) 
thrown [e:\jenkins\tmp\workspace\build\src\src\hotspot\share\interpreter\linkResolver.cpp, line 766]
Event: 3.409 Thread 0x00000299b25500f0 Exception <a 'java/lang/NoClassDefFoundError'{0x00000000c644ffc0}: javax/validation/Validation> (0x00000000c644ffc0) 
thrown [e:\jenkins\tmp\workspace\build\src\src\hotspot\share\classfile\systemDictionary.cpp, line 245]
Event: 3.508 Thread 0x00000299b25500f0 Exception <a 'java/lang/NoSuchMethodError'{0x00000000c638b100}: 'java.lang.Object java.lang.invoke.DirectMethodHandle$Holder.invokeStaticInit(java.lang.Object, java.lang.Object, java.lang.Object)'> (0x00000000c638b100) 
thrown [e:\jenkins\tmp\workspace\build\src\src\hotspot\share\interpreter\linkResolver.cpp, line 766]
Event: 3.510 Thread 0x00000299b25500f0 Exception <a 'java/lang/NoSuchMethodError'{0x00000000c6390ff0}: 'java.lang.Object java.lang.invoke.DirectMethodHandle$Holder.invokeStaticInit(java.lang.Object, java.lang.Object, java.lang.Object, java.lang.Object, java.lang.Object)'> (0x00000000c6390ff0) 
thrown [e:\jenkins\tmp\workspace\build\src\src\hotspot\share\interpreter\linkResolver.cpp, line 766]

VM Operations (20 events):
Event: 2.230 Executing VM operation: HandshakeAllThreads
Event: 2.230 Executing VM operation: HandshakeAllThreads done
Event: 2.230 Executing VM operation: Cleanup
Event: 2.230 Executing VM operation: Cleanup done
Event: 2.254 Executing VM operation: HandshakeAllThreads
Event: 2.255 Executing VM operation: HandshakeAllThreads done
Event: 2.441 Executing VM operation: G1CollectForAllocation
Event: 2.449 Executing VM operation: G1CollectForAllocation done
Event: 2.711 Executing VM operation: HandshakeAllThreads
Event: 2.711 Executing VM operation: HandshakeAllThreads done
Event: 3.117 Executing VM operation: G1CollectForAllocation
Event: 3.121 Executing VM operation: G1CollectForAllocation done
Event: 3.159 Executing VM operation: HandshakeAllThreads
Event: 3.159 Executing VM operation: HandshakeAllThreads done
Event: 3.212 Executing VM operation: HandshakeAllThreads
Event: 3.212 Executing VM operation: HandshakeAllThreads done
Event: 3.423 Executing VM operation: HandshakeAllThreads
Event: 3.423 Executing VM operation: HandshakeAllThreads done
Event: 3.424 Executing VM operation: HandshakeAllThreads
Event: 3.424 Executing VM operation: HandshakeAllThreads done

Events (20 events):
Event: 3.643 loading class java/lang/CloneNotSupportedException
Event: 3.643 loading class java/lang/CloneNotSupportedException done
Event: 3.757 loading class org/xml/sax/ErrorHandler
Event: 3.757 loading class org/xml/sax/ErrorHandler done
Event: 3.758 loading class org/xml/sax/SAXParseException
Event: 3.760 loading class org/xml/sax/SAXParseException done
Event: 3.761 loading class java/beans/Transient
Event: 3.761 loading class java/beans/Transient done
Event: 3.761 loading class java/beans/ConstructorProperties
Event: 3.761 loading class java/beans/ConstructorProperties done
Event: 3.769 loading class jdk/internal/reflect/UnsafeQualifiedStaticIntegerFieldAccessorImpl
Event: 3.769 loading class jdk/internal/reflect/UnsafeQualifiedStaticIntegerFieldAccessorImpl done
Event: 3.785 loading class java/io/CharConversionException
Event: 3.786 loading class java/io/CharConversionException done
Event: 3.817 loading class sun/text/resources/cldr/FormatData_en
Event: 3.818 loading class sun/text/resources/cldr/FormatData_en done
Event: 3.818 loading class sun/text/resources/cldr/FormatData_en_US
Event: 3.818 loading class sun/text/resources/cldr/FormatData_en_US done
Event: 3.866 loading class java/io/CharArrayReader
Event: 3.866 loading class java/io/CharArrayReader done


Dynamic libraries:
0x00007ff7545b0000 - 0x00007ff7545be000 	C:\Users\use\.vscode\extensions\redhat.java-1.8.0-win32-x64\jre\17.0.3-win32-x86_64\bin\java.exe
0x00007ffc57f60000 - 0x00007ffc58169000 	C:\WINDOWS\SYSTEM32\ntdll.dll
0x00007ffc57470000 - 0x00007ffc5752d000 	C:\WINDOWS\System32\KERNEL32.DLL
0x00007ffc557c0000 - 0x00007ffc55b39000 	C:\WINDOWS\System32\KERNELBASE.dll
0x00007ffc55620000 - 0x00007ffc55731000 	C:\WINDOWS\System32\ucrtbase.dll
0x00007ffc518c0000 - 0x00007ffc518d8000 	C:\Users\use\.vscode\extensions\redhat.java-1.8.0-win32-x64\jre\17.0.3-win32-x86_64\bin\jli.dll
0x00007ffc56d80000 - 0x00007ffc56f2c000 	C:\WINDOWS\System32\USER32.dll
0x00007ffc55dc0000 - 0x00007ffc55de6000 	C:\WINDOWS\System32\win32u.dll
0x00007ffc56610000 - 0x00007ffc56639000 	C:\WINDOWS\System32\GDI32.dll
0x00007ffc55c00000 - 0x00007ffc55d12000 	C:\WINDOWS\System32\gdi32full.dll
0x00007ffc55d20000 - 0x00007ffc55dbd000 	C:\WINDOWS\System32\msvcp_win.dll
0x00007ffc518a0000 - 0x00007ffc518b9000 	C:\Users\use\.vscode\extensions\redhat.java-1.8.0-win32-x64\jre\17.0.3-win32-x86_64\bin\VCRUNTIME140.dll
0x00007ffc3c420000 - 0x00007ffc3c6c5000 	C:\WINDOWS\WinSxS\amd64_microsoft.windows.common-controls_6595b64144ccf1df_6.0.22000.120_none_9d947278b86cc467\COMCTL32.dll
0x00007ffc56640000 - 0x00007ffc566e3000 	C:\WINDOWS\System32\msvcrt.dll
0x00007ffc57900000 - 0x00007ffc57931000 	C:\WINDOWS\System32\IMM32.DLL
0x00007ffc51870000 - 0x00007ffc5187c000 	C:\Users\use\.vscode\extensions\redhat.java-1.8.0-win32-x64\jre\17.0.3-win32-x86_64\bin\vcruntime140_1.dll
0x00007ffc0cc40000 - 0x00007ffc0ccd1000 	C:\Users\use\.vscode\extensions\redhat.java-1.8.0-win32-x64\jre\17.0.3-win32-x86_64\bin\msvcp140.dll
0x00007ffc0a320000 - 0x00007ffc0af68000 	C:\Users\use\.vscode\extensions\redhat.java-1.8.0-win32-x64\jre\17.0.3-win32-x86_64\bin\server\jvm.dll
0x00007ffc57d30000 - 0x00007ffc57dde000 	C:\WINDOWS\System32\ADVAPI32.dll
0x00007ffc56c50000 - 0x00007ffc56cee000 	C:\WINDOWS\System32\sechost.dll
0x00007ffc571b0000 - 0x00007ffc572d0000 	C:\WINDOWS\System32\RPCRT4.dll
0x00007ffc57c30000 - 0x00007ffc57c38000 	C:\WINDOWS\System32\PSAPI.DLL
0x00007ffc49280000 - 0x00007ffc4928a000 	C:\WINDOWS\SYSTEM32\VERSION.dll
0x00007ffc4da70000 - 0x00007ffc4daa3000 	C:\WINDOWS\SYSTEM32\WINMM.dll
0x00007ffc31ff0000 - 0x00007ffc31ff9000 	C:\WINDOWS\SYSTEM32\WSOCK32.dll
0x00007ffc57eb0000 - 0x00007ffc57f1f000 	C:\WINDOWS\System32\WS2_32.dll
0x00007ffc54540000 - 0x00007ffc54558000 	C:\WINDOWS\SYSTEM32\kernel.appcore.dll
0x00007ffc51860000 - 0x00007ffc5186a000 	C:\Users\use\.vscode\extensions\redhat.java-1.8.0-win32-x64\jre\17.0.3-win32-x86_64\bin\jimage.dll
0x00007ffc52b90000 - 0x00007ffc52db1000 	C:\WINDOWS\SYSTEM32\DBGHELP.DLL
0x00007ffc35650000 - 0x00007ffc35681000 	C:\WINDOWS\SYSTEM32\dbgcore.DLL
0x00007ffc55740000 - 0x00007ffc557bf000 	C:\WINDOWS\System32\bcryptPrimitives.dll
0x00007ffc0e630000 - 0x00007ffc0e66b000 	C:\Users\use\.vscode\extensions\redhat.java-1.8.0-win32-x64\jre\17.0.3-win32-x86_64\bin\jdwp.dll
0x00007ffc4db60000 - 0x00007ffc4db85000 	C:\Users\use\.vscode\extensions\redhat.java-1.8.0-win32-x64\jre\17.0.3-win32-x86_64\bin\java.dll
0x00007ffc40d90000 - 0x00007ffc40da8000 	C:\Users\use\.vscode\extensions\redhat.java-1.8.0-win32-x64\jre\17.0.3-win32-x86_64\bin\zip.dll
0x00007ffc55df0000 - 0x00007ffc565a8000 	C:\WINDOWS\System32\SHELL32.dll
0x00007ffc53580000 - 0x00007ffc53de7000 	C:\WINDOWS\SYSTEM32\windows.storage.dll
0x00007ffc57540000 - 0x00007ffc578b9000 	C:\WINDOWS\System32\combase.dll
0x00007ffc53410000 - 0x00007ffc53576000 	C:\WINDOWS\SYSTEM32\wintypes.dll
0x00007ffc57c40000 - 0x00007ffc57d2a000 	C:\WINDOWS\System32\SHCORE.dll
0x00007ffc565b0000 - 0x00007ffc5660d000 	C:\WINDOWS\System32\shlwapi.dll
0x00007ffc55370000 - 0x00007ffc55391000 	C:\WINDOWS\SYSTEM32\profapi.dll
0x00007ffc3f3b0000 - 0x00007ffc3f3bc000 	C:\Users\use\.vscode\extensions\redhat.java-1.8.0-win32-x64\jre\17.0.3-win32-x86_64\bin\dt_socket.dll
0x00007ffc54040000 - 0x00007ffc5406d000 	C:\WINDOWS\SYSTEM32\IPHLPAPI.DLL
0x00007ffc54970000 - 0x00007ffc549d7000 	C:\WINDOWS\system32\mswsock.dll
0x00007ffc540b0000 - 0x00007ffc54198000 	C:\WINDOWS\SYSTEM32\DNSAPI.dll
0x00007ffc57530000 - 0x00007ffc57539000 	C:\WINDOWS\System32\NSI.dll
0x000000006c150000 - 0x000000006c176000 	C:\Program Files\Bonjour\mdnsNSP.dll
0x00007ffc39ff0000 - 0x00007ffc39ffa000 	C:\Windows\System32\rasadhlp.dll
0x00007ffc46400000 - 0x00007ffc46481000 	C:\WINDOWS\System32\fwpuclnt.dll
0x00007ffc40d70000 - 0x00007ffc40d89000 	C:\Users\use\.vscode\extensions\redhat.java-1.8.0-win32-x64\jre\17.0.3-win32-x86_64\bin\net.dll
0x00007ffc4d170000 - 0x00007ffc4d27c000 	C:\WINDOWS\SYSTEM32\WINHTTP.dll
0x00007ffc40d10000 - 0x00007ffc40d25000 	C:\Users\use\.vscode\extensions\redhat.java-1.8.0-win32-x64\jre\17.0.3-win32-x86_64\bin\nio.dll
0x00007ffc4dbd0000 - 0x00007ffc4dbe0000 	C:\Users\use\.vscode\extensions\redhat.java-1.8.0-win32-x64\jre\17.0.3-win32-x86_64\bin\verify.dll
0x00007ffc40d00000 - 0x00007ffc40d09000 	C:\Users\use\.vscode\extensions\redhat.java-1.8.0-win32-x64\jre\17.0.3-win32-x86_64\bin\management.dll
0x00007ffc40bd0000 - 0x00007ffc40bdb000 	C:\Users\use\.vscode\extensions\redhat.java-1.8.0-win32-x64\jre\17.0.3-win32-x86_64\bin\management_ext.dll
0x00007ffc4a7a0000 - 0x00007ffc4a7b7000 	C:\WINDOWS\system32\napinsp.dll
0x00007ffc320e0000 - 0x00007ffc320fb000 	C:\WINDOWS\system32\pnrpnsp.dll
0x00007ffc320c0000 - 0x00007ffc320d2000 	C:\WINDOWS\System32\winrnr.dll
0x00007ffc49370000 - 0x00007ffc49385000 	C:\WINDOWS\system32\wshbth.dll
0x00007ffc2b150000 - 0x00007ffc2b16f000 	C:\WINDOWS\system32\nlansp_c.dll

dbghelp: loaded successfully - version: 4.0.5 - missing functions: none
symbol engine: initialized successfully - sym options: 0x614 - pdb path: .;C:\Users\use\.vscode\extensions\redhat.java-1.8.0-win32-x64\jre\17.0.3-win32-x86_64\bin;C:\WINDOWS\SYSTEM32;C:\WINDOWS\WinSxS\amd64_microsoft.windows.common-controls_6595b64144ccf1df_6.0.22000.120_none_9d947278b86cc467;C:\Users\use\.vscode\extensions\redhat.java-1.8.0-win32-x64\jre\17.0.3-win32-x86_64\bin\server;C:\Program Files\Bonjour

VM Arguments:
jvm_args: -agentlib:jdwp=transport=dt_socket,server=n,suspend=y,address=localhost:57579 -XX:+ShowCodeDetailsInExceptionMessages 
java_command: yavirac.ejemplo1.Ejemplo1Application
java_class_path (initial): C:\Users\use\Desktop\programacionweb\ejemplo1\bin\main;C:\Users\use\.gradle\caches\modules-2\files-2.1\org.projectlombok\lombok\1.18.24\13a394eed5c4f9efb2a6d956e2086f1d81e857d9\lombok-1.18.24.jar;C:\Users\use\.gradle\caches\modules-2\files-2.1\org.springframework.boot\spring-boot-starter-data-jdbc\2.6.9\7fb706498a263578ea400dfff4b885e1a3225843\spring-boot-starter-data-jdbc-2.6.9.jar;C:\Users\use\.gradle\caches\modules-2\files-2.1\org.springframework.boot\spring-boot-starter-web\2.6.9\5e7b4f48950c28be544641924a32f682edc9ab2e\spring-boot-starter-web-2.6.9.jar;C:\Users\use\.gradle\caches\modules-2\files-2.1\org.springframework.boot\spring-boot-starter-jdbc\2.6.9\22253341a9af587b86528384a0ed63554135647e\spring-boot-starter-jdbc-2.6.9.jar;C:\Users\use\.gradle\caches\modules-2\files-2.1\org.springframework.data\spring-data-jdbc\2.3.5\f2c7e4a76f6dc104607c309a2feb9a4d24a6bed\spring-data-jdbc-2.3.5.jar;C:\Users\use\.gradle\caches\modules-2\files-2.1\org.springframework.boot\spring-boot-starter-json\2.6.9\f48a152dc5b8b8c67e4affdda7609266ff82c143\spring-boot-starter-json-2.6.9.jar;C:\Users\use\.gradle\caches\modules-2\files-2.1\org.springframework.boot\spring-boot-starter\2.6.9\38a7a7302f298367fdf190d4e7a28eeb88b4d58f\spring-boot-starter-2.6.9.jar;C:\Users\use\.gradle\caches\modules-2\files-2.1\org.springframework.boot\spring-boot-starter-tomcat\2.6.9\86c89aaa93567a406c1dc8b6aa7c14812b51d0f5\spring-boot-starter-tomcat-2.6.9.jar;C:\Users\use\.gradle\caches\modules-2\files-2.1\org.springframework\spring-webmvc\5.3.21\a62db425cc29c48e138846e706ca37acb138ca13\spring-webmvc-5.3.21.jar;C:\Users\use\.gradle\caches\modules-2\files-2.1\org.springframework\spring-web\5.3.21\317aadd37f70ba34ff93d068343e3110b5dcf2f\spring-web-5.3.21.jar;C:\Users\use\.gradle\caches\modules-2\files-2.1\com.zaxxer\HikariCP\4.0.3\107cbdf0db6780a065f895ae9d8fbf3bb0e1c21f\HikariCP-4.0.3.jar;C:\Users\use\.gradle\caches\modules-2\files-2.1\org.springframework\spring-jdbc\5.3.21\68f9b9
Launcher Type: SUN_STANDARD

[Global flags]
     intx CICompilerCount                          = 3                                         {product} {ergonomic}
     uint ConcGCThreads                            = 1                                         {product} {ergonomic}
     uint G1ConcRefinementThreads                  = 4                                         {product} {ergonomic}
   size_t G1HeapRegionSize                         = 1048576                                   {product} {ergonomic}
    uintx GCDrainStackTargetSize                   = 64                                        {product} {ergonomic}
   size_t InitialHeapSize                          = 65011712                                  {product} {ergonomic}
   size_t MarkStackSize                            = 4194304                                   {product} {ergonomic}
   size_t MaxHeapSize                              = 1027604480                                {product} {ergonomic}
   size_t MaxNewSize                               = 616562688                                 {product} {ergonomic}
   size_t MinHeapDeltaBytes                        = 1048576                                   {product} {ergonomic}
   size_t MinHeapSize                              = 8388608                                   {product} {ergonomic}
    uintx NonNMethodCodeHeapSize                   = 5832780                                {pd product} {ergonomic}
    uintx NonProfiledCodeHeapSize                  = 122912730                              {pd product} {ergonomic}
    uintx ProfiledCodeHeapSize                     = 122912730                              {pd product} {ergonomic}
    uintx ReservedCodeCacheSize                    = 251658240                              {pd product} {ergonomic}
     bool SegmentedCodeCache                       = true                                      {product} {ergonomic}
     bool ShowCodeDetailsInExceptionMessages       = true                                   {manageable} {command line}
   size_t SoftMaxHeapSize                          = 1027604480                             {manageable} {ergonomic}
     bool UseCompressedClassPointers               = true                           {product lp64_product} {ergonomic}
     bool UseCompressedOops                        = true                           {product lp64_product} {ergonomic}
     bool UseG1GC                                  = true                                      {product} {ergonomic}
     bool UseLargePagesIndividualAllocation        = false                                  {pd product} {ergonomic}

Logging:
Log output configuration:
 #0: stdout all=warning uptime,level,tags
 #1: stderr all=off uptime,level,tags

Environment Variables:
JAVA_HOME=C:\Program Files\Java\jdk-17.0.3.1
PATH=C:\Program Files\Common Files\Oracle\Java\javapath;C:\Program Files (x86)\Common Files\Oracle\Java\javapath;C:\ProgramData\Oracle\Java\javapath;C:\WINDOWS\system32;C:\WINDOWS;C:\WINDOWS\System32\Wbem;C:\WINDOWS\System32\WindowsPowerShell\v1.0\;C:\WINDOWS\System32\OpenSSH\;C:\Program Files\Common Files\Autodesk Shared\;C:\Program Files\dotnet\;C:\Program Files\Microsoft SQL Server\130\Tools\Binn\;C:\Program Files\Microsoft SQL Server\Client SDK\ODBC\170\Tools\Binn\;C:\Program Files\Microsoft SQL Server\120\Tools\Binn\;C:\Program Files\Git\cmd;C:\Program Files (x86)\pgmodeler;C:\msys64\mingw64\bin;C:\Users\use\AppData\Roaming\nvm;C:\Program Files\nodejs;C:\flutter\bin;C:\Gradle\gradle-7.4.1\bin;C:\Program Files\Java\jdk-17.0.3.1\bin;C:\Users\use\AppData\Local\Microsoft\WindowsApps;C:\Users\use\AppData\Local\Programs\Microsoft VS Code\bin;C:\Users\use\.dotnet\tools;C:\Users\use\AppData\Roaming\npm;C:\Users\use\AppData\Roaming\nvm;C:\Program Files\nodejs;
USERNAME=use
LANG=es_419.UTF-8
OS=Windows_NT
PROCESSOR_IDENTIFIER=Intel64 Family 6 Model 142 Stepping 12, GenuineIntel



---------------  S Y S T E M  ---------------

OS:
 Windows 11 , 64 bit Build 22000 (10.0.22000.708)
OS uptime: 1 days 9:40 hours

CPU: total 4 (initial active 4) (2 cores per cpu, 2 threads per core) family 6 model 142 stepping 12 microcode 0xde, cx8, cmov, fxsr, ht, mmx, 3dnowpref, sse, sse2, sse3, ssse3, sse4.1, sse4.2, popcnt, lzcnt, tsc, tscinvbit, avx, avx2, aes, erms, clmul, bmi1, bmi2, adx, fma, vzeroupper, clflush, clflushopt

Memory: 4k page, system-wide physical 3918M (16M free)
TotalPageFile size 15694M (AvailPageFile size 0M)
current process WorkingSet (physical memory assigned to process): 90M, peak: 90M
current process commit charge ("private bytes"): 158M, peak: 158M

vm_info: OpenJDK 64-Bit Server VM (17.0.3+7) for windows-amd64 JRE (17.0.3+7), built on Apr 19 2022 16:55:35 by "" with MS VC++ 16.7 (VS2019)

END.
